2021.01.07 16:07:49 INFO  Started: Metals version 0.9.8 in workspace 'D:\REACT JS FILES\my-website' for client vscode.
2021.01.07 16:07:54 INFO  time: initialize in 5.24s
2021.01.07 16:08:02 WARN  Build server is not auto-connectable.
2021.01.07 16:08:02 WARN  no build tool detected in workspace 'D:\REACT JS FILES\my-website'. The most common cause for this problem is that the editor was opened in the wrong working directory, for example if you use sbt then the workspace directory should contain build.sbt. 
Jan 07, 2021 4:43:27 PM org.eclipse.lsp4j.jsonrpc.services.GenericEndpoint notify
INFO: Unsupported notification method: $/setTraceNotification
Jan 07, 2021 4:45:09 PM org.eclipse.lsp4j.jsonrpc.services.GenericEndpoint notify
INFO: Unsupported notification method: $/setTraceNotification
Jan 07, 2021 4:46:08 PM org.eclipse.lsp4j.jsonrpc.services.GenericEndpoint notify
INFO: Unsupported notification method: $/setTraceNotification
2021.01.07 16:54:43 INFO  shutting down Metals
2021.01.08 09:53:32 INFO  Started: Metals version 0.9.8 in workspace 'D:\REACT JS FILES\my-website' for client vscode.
2021.01.08 09:53:35 INFO  time: initialize in 2.89s
2021.01.08 09:53:48 WARN  Build server is not auto-connectable.
2021.01.08 09:53:48 WARN  no build tool detected in workspace 'D:\REACT JS FILES\my-website'. The most common cause for this problem is that the editor was opened in the wrong working directory, for example if you use sbt then the workspace directory should contain build.sbt. 
2021.01.08 10:00:12 INFO  shutting down Metals
2021.01.09 12:56:08 INFO  Started: Metals version 0.9.8 in workspace 'D:\REACT JS FILES\my-website' for client vscode.
2021.01.09 12:56:13 INFO  time: initialize in 5.33s
2021.01.09 12:56:21 WARN  Build server is not auto-connectable.
2021.01.09 12:56:21 WARN  no build tool detected in workspace 'D:\REACT JS FILES\my-website'. The most common cause for this problem is that the editor was opened in the wrong working directory, for example if you use sbt then the workspace directory should contain build.sbt. 
2021.01.09 12:56:40 INFO  shutting down Metals
